<?xml version="1.0" encoding="UTF-8"?>
<!-- Generated by org.testng.reporters.JUnitReportReporter -->
<testsuite hostname="DESKTOP-GP5OOLD" failures="0" tests="1" name="com.opencart.customer.TestCases.AccountRegistrationTest" time="2.945" errors="0" timestamp="2023-12-15T15:37:08 PST" skipped="0">
  <testcase classname="com.opencart.customer.TestCases.AccountRegistrationTest" name="test_success_account_registration" time="2.945"/>
</testsuite> <!-- com.opencart.customer.TestCases.AccountRegistrationTest -->
