<?xml version="1.0" encoding="UTF-8"?>
<!-- Generated by org.testng.reporters.JUnitReportReporter -->
<testsuite hostname="DESKTOP-GP5OOLD" failures="0" tests="1" name="com.opencart.customer.TestCases.SearchProductTest" time="0.684" errors="0" timestamp="2023-12-22T16:04:23 PST" skipped="0">
  <testcase classname="com.opencart.customer.TestCases.SearchProductTest" name="test_search_item" time="0.684"/>
</testsuite> <!-- com.opencart.customer.TestCases.SearchProductTest -->
