<?xml version="1.0" encoding="UTF-8"?>
<!-- Generated by org.testng.reporters.JUnitReportReporter -->
<testsuite hostname="DESKTOP-GP5OOLD" failures="0" tests="1" name="com.opencart.customer.TestCases.LoginTest" time="0.709" errors="0" timestamp="2023-12-15T15:37:08 PST" skipped="0">
  <testcase classname="com.opencart.customer.TestCases.LoginTest" name="test_success_login" time="0.709"/>
</testsuite> <!-- com.opencart.customer.TestCases.LoginTest -->
