<?xml version="1.0" encoding="UTF-8"?>
<!-- Generated by org.testng.reporters.JUnitReportReporter -->
<testsuite hostname="DESKTOP-GP5OOLD" failures="0" tests="1" name="com.opencart.customer.TestCases.AddToCartTest" time="1.560" errors="0" timestamp="2023-12-22T16:04:22 PST" skipped="0">
  <testcase classname="com.opencart.customer.TestCases.AddToCartTest" name="test_add_to_cart" time="1.560"/>
</testsuite> <!-- com.opencart.customer.TestCases.AddToCartTest -->
